<?xml version="1.0" encoding="UTF-8"?>
<!-- Generated by org.testng.reporters.JUnitReportReporter -->
<testsuite hostname="nitin" failures="0" tests="1" name="scripts.test4" time="0.004" errors="0" timestamp="2022-09-13T00:55:31 IST" skipped="0">
  <testcase classname="scripts.test4" name="tc1" time="0.004"/>
  <system-out>
    <![CDATA[hello pythonselenium]]>
  </system-out>
</testsuite> <!-- scripts.test4 -->
