<?xml version="1.0" encoding="UTF-8"?>
<!-- Generated by org.testng.reporters.JUnitReportReporter -->
<testsuite hostname="nitin" failures="0" tests="1" name="scripts.test1" time="0.014" errors="0" timestamp="2022-09-13T00:55:31 IST" skipped="0">
  <testcase classname="scripts.test1" name="tc1" time="0.014"/>
  <system-out>
    <![CDATA[hello java]]>
  </system-out>
</testsuite> <!-- scripts.test1 -->
