<?xml version="1.0" encoding="UTF-8"?>
<!-- Generated by org.testng.reporters.JUnitReportReporter -->
<testsuite hostname="nitin" failures="0" tests="1" name="scripts.test2" time="0.009" errors="0" timestamp="2022-09-13T00:55:31 IST" skipped="0">
  <testcase classname="scripts.test2" name="tc1" time="0.009"/>
  <system-out>
    <![CDATA[hello selenium]]>
  </system-out>
</testsuite> <!-- scripts.test2 -->
